2014-04-16 12:36:49.417 QualTime[17950:70b] Multi-tasking -> Device: YES, App: YES
2014-04-16 12:36:49.445 QualTime[17950:70b] Unlimited access to network resources
2014-04-16 12:36:49.863 QualTime[17950:70b] Resetting plugins due to page load.
2014-04-16 12:36:49.992 QualTime[17950:70b] Finished load of: file:///Users/tagon8/Library/Application%20Support/iPhone%20Simulator/7.1/Applications/B8E92E45-3376-432A-A834-0E38B33AD59D/QualTime.app/www/index.html
2014-04-18 13:34:54.900 QualTime[6061:70b] Multi-tasking -> Device: YES, App: YES
2014-04-18 13:34:54.930 QualTime[6061:70b] Unlimited access to network resources
2014-04-18 13:34:55.300 QualTime[6061:70b] Resetting plugins due to page load.
2014-04-18 13:34:55.686 QualTime[6061:70b] Finished load of: file:///Users/tagon8/Library/Application%20Support/iPhone%20Simulator/7.1/Applications/B8E92E45-3376-432A-A834-0E38B33AD59D/QualTime.app/www/index.html
2014-04-18 14:08:13.649 QualTime[6061:3f03] void SendDelegateMessage(NSInvocation *): delegate (webView:runJavaScriptAlertPanelWithMessage:initiatedByFrame:) failed to return after waiting 10 seconds. main run loop mode: kCFRunLoopDefaultMode
2014-04-18 14:10:52.050 QualTime[7645:70b] Multi-tasking -> Device: YES, App: YES
2014-04-18 14:10:52.098 QualTime[7645:70b] Unlimited access to network resources
2014-04-18 14:10:52.511 QualTime[7645:70b] Resetting plugins due to page load.
2014-04-18 14:10:52.641 QualTime[7645:70b] Finished load of: file:///Users/tagon8/Library/Application%20Support/iPhone%20Simulator/7.1/Applications/B8E92E45-3376-432A-A834-0E38B33AD59D/QualTime.app/www/index.html
2014-04-18 14:17:06.853 QualTime[8700:70b] Multi-tasking -> Device: YES, App: YES
2014-04-18 14:17:06.880 QualTime[8700:70b] Unlimited access to network resources
2014-04-18 14:17:07.200 QualTime[8700:70b] Resetting plugins due to page load.
2014-04-18 14:17:07.325 QualTime[8700:70b] Finished load of: file:///Users/tagon8/Library/Application%20Support/iPhone%20Simulator/7.1/Applications/B8E92E45-3376-432A-A834-0E38B33AD59D/QualTime.app/www/index.html
2014-04-18 14:19:15.037 QualTime[8967:70b] Multi-tasking -> Device: YES, App: YES
2014-04-18 14:19:15.076 QualTime[8967:70b] Unlimited access to network resources
2014-04-18 14:19:15.616 QualTime[8967:70b] Resetting plugins due to page load.
2014-04-18 14:19:15.797 QualTime[8967:70b] Finished load of: file:///Users/tagon8/Library/Application%20Support/iPhone%20Simulator/7.1/Applications/B8E92E45-3376-432A-A834-0E38B33AD59D/QualTime.app/www/index.html
2014-04-18 14:23:29.262 QualTime[9400:70b] Multi-tasking -> Device: YES, App: YES
2014-04-18 14:23:29.308 QualTime[9400:70b] Unlimited access to network resources
2014-04-18 14:23:29.724 QualTime[9400:70b] Resetting plugins due to page load.
2014-04-18 14:23:29.896 QualTime[9400:70b] Finished load of: file:///Users/tagon8/Library/Application%20Support/iPhone%20Simulator/7.1/Applications/B8E92E45-3376-432A-A834-0E38B33AD59D/QualTime.app/www/index.html
2014-04-18 14:24:30.953 QualTime[9583:70b] Multi-tasking -> Device: YES, App: YES
2014-04-18 14:24:30.969 QualTime[9583:70b] Unlimited access to network resources
2014-04-18 14:24:31.215 QualTime[9583:70b] Resetting plugins due to page load.
2014-04-18 14:24:31.316 QualTime[9583:70b] Finished load of: file:///Users/tagon8/Library/Application%20Support/iPhone%20Simulator/7.1/Applications/B8E92E45-3376-432A-A834-0E38B33AD59D/QualTime.app/www/index.html
2014-04-18 14:29:01.978 QualTime[10007:70b] Multi-tasking -> Device: YES, App: YES
2014-04-18 14:29:02.005 QualTime[10007:70b] Unlimited access to network resources
2014-04-18 14:29:02.404 QualTime[10007:70b] Resetting plugins due to page load.
2014-04-18 14:29:02.574 QualTime[10007:70b] Finished load of: file:///Users/tagon8/Library/Application%20Support/iPhone%20Simulator/7.1/Applications/B8E92E45-3376-432A-A834-0E38B33AD59D/QualTime.app/www/index.html
2014-04-18 14:40:27.908 QualTime[10593:70b] Multi-tasking -> Device: YES, App: YES
2014-04-18 14:40:28.001 QualTime[10593:70b] Unlimited access to network resources
2014-04-18 14:40:28.526 QualTime[10593:70b] Resetting plugins due to page load.
2014-04-18 14:40:28.701 QualTime[10593:70b] Finished load of: file:///Users/tagon8/Library/Application%20Support/iPhone%20Simulator/7.1/Applications/B8E92E45-3376-432A-A834-0E38B33AD59D/QualTime.app/www/index.html
2014-04-18 14:47:10.153 QualTime[11133:70b] Multi-tasking -> Device: YES, App: YES
2014-04-18 14:47:10.183 QualTime[11133:70b] Unlimited access to network resources
2014-04-18 14:47:10.621 QualTime[11133:70b] Resetting plugins due to page load.
2014-04-18 14:47:10.776 QualTime[11133:70b] Finished load of: file:///Users/tagon8/Library/Application%20Support/iPhone%20Simulator/7.1/Applications/B8E92E45-3376-432A-A834-0E38B33AD59D/QualTime.app/www/index.html
2014-04-18 14:49:13.161 QualTime[11390:70b] Multi-tasking -> Device: YES, App: YES
2014-04-18 14:49:13.333 QualTime[11390:70b] Unlimited access to network resources
2014-04-18 14:49:14.644 QualTime[11390:70b] Resetting plugins due to page load.
2014-04-18 14:49:14.949 QualTime[11390:70b] Finished load of: file:///Users/tagon8/Library/Application%20Support/iPhone%20Simulator/7.1/Applications/B8E92E45-3376-432A-A834-0E38B33AD59D/QualTime.app/www/index.html
2014-04-18 14:50:54.614 QualTime[11390:3f03] void SendDelegateMessage(NSInvocation *): delegate (webView:runJavaScriptAlertPanelWithMessage:initiatedByFrame:) failed to return after waiting 10 seconds. main run loop mode: kCFRunLoopDefaultMode
2014-04-18 14:55:20.073 QualTime[11910:70b] Multi-tasking -> Device: YES, App: YES
2014-04-18 14:55:20.175 QualTime[11910:70b] Unlimited access to network resources
2014-04-18 14:55:20.848 QualTime[11910:70b] Resetting plugins due to page load.
2014-04-18 14:55:21.339 QualTime[11910:70b] Finished load of: file:///Users/tagon8/Library/Application%20Support/iPhone%20Simulator/7.1/Applications/B8E92E45-3376-432A-A834-0E38B33AD59D/QualTime.app/www/index.html
2014-04-18 15:01:59.238 QualTime[12465:70b] Multi-tasking -> Device: YES, App: YES
2014-04-18 15:01:59.261 QualTime[12465:70b] Unlimited access to network resources
2014-04-18 15:01:59.693 QualTime[12465:70b] Resetting plugins due to page load.
2014-04-18 15:01:59.858 QualTime[12465:70b] Finished load of: file:///Users/tagon8/Library/Application%20Support/iPhone%20Simulator/7.1/Applications/B8E92E45-3376-432A-A834-0E38B33AD59D/QualTime.app/www/index.html
